

times in msec
 clock   self+sourced   self:  sourced script
 clock   elapsed:              other lines

000.014  000.014: --- NVIM STARTING ---
000.398  000.384: event init
000.524  000.125: early init
000.897  000.374: locale set
000.991  000.093: init first window
001.767  000.777: inits 1
001.805  000.038: window checked
001.813  000.007: parsing arguments
003.039  000.101  000.101: require('vim.shared')
003.237  000.099  000.099: require('vim.inspect')
003.370  000.092  000.092: require('vim._options')
003.377  000.321  000.130: require('vim._editor')
003.385  000.664  000.242: require('vim._init_packages')
003.397  000.921: init lua interpreter
003.642  000.245: expanding arguments
003.695  000.052: inits 2
004.402  000.708: init highlight
004.405  000.003: waiting for UI
004.719  000.314: done waiting for UI
004.737  000.017: clear screen
004.796  000.008  000.008: require('vim.keymap')
005.129  000.384  000.376: require('vim._defaults')
005.132  000.011: init default mappings & autocommands
006.064  000.084  000.084: sourcing /usr/share/nvim/runtime/ftplugin.vim
006.167  000.049  000.049: sourcing /usr/share/nvim/runtime/indent.vim
007.402  000.730  000.730: require('lazy')
007.473  000.034  000.034: require('ffi')
007.814  000.194  000.194: require('vim.uri')
007.835  000.356  000.161: require('vim.loader')
007.962  000.066  000.066: require('vim.fs')
008.154  000.294  000.228: require('lazy.stats')
008.277  000.097  000.097: require('lazy.core.util')
008.427  000.147  000.147: require('lazy.core.config')
008.686  000.134  000.134: require('lazy.core.handler')
008.808  000.118  000.118: require('lazy.core.plugin')
008.816  000.386  000.134: require('lazy.core.loader')
010.429  000.130  000.130: require('lazy.core.handler.event')
010.436  000.264  000.134: require('lazy.core.handler.ft')
010.530  000.089  000.089: require('lazy.core.handler.cmd')
010.776  000.241  000.241: require('lazy.core.handler.keys')
012.246  000.515  000.515: sourcing /usr/share/nvim/runtime/filetype.lua
013.389  000.188  000.188: require('ibl.utils')
013.401  000.321  000.133: require('ibl.config')
013.651  000.164  000.164: require('ibl.indent')
013.684  000.281  000.117: require('ibl.hooks')
013.690  000.685  000.083: require('ibl.highlights')
013.802  000.109  000.109: require('ibl.autocmds')
013.919  000.113  000.113: require('ibl.inlay_hints')
014.111  000.188  000.188: require('ibl.virt_text')
014.687  000.428  000.428: require('ibl.scope_languages')
014.697  000.580  000.153: require('ibl.scope')
014.713  002.270  000.595: require('ibl')
017.344  001.206  001.206: require('vim.lsp.log')
018.348  000.995  000.995: require('vim.lsp.protocol')
019.169  000.288  000.288: require('vim.lsp._snippet_grammar')
019.253  000.076  000.076: require('vim.highlight')
019.263  000.006  000.006: require('vim.F')
019.283  000.919  000.550: require('vim.lsp.util')
019.302  003.828  000.708: require('vim.lsp.handlers')
019.687  000.383  000.383: require('vim.lsp.rpc')
019.846  000.141  000.141: require('vim.lsp.sync')
020.072  000.222  000.222: require('vim.lsp.semantic_tokens')
020.408  000.328  000.328: require('vim.lsp.buf')
020.832  000.399  000.399: require('vim.lsp.diagnostic')
021.056  000.217  000.217: require('vim.lsp.codelens')
021.272  000.208  000.208: require('vim.lsp.inlay_hint')
021.394  006.532  000.807: require('vim.lsp')
022.714  000.164  000.164: require('scrollbar.const')
022.976  000.253  000.253: require('scrollbar.utils')
023.091  000.109  000.109: require('scrollbar.handlers')
023.098  000.990  000.464: require('scrollbar')
023.200  000.100  000.100: require('scrollbar.config')
023.639  000.143  000.143: require('scrollbar.handlers.cursor')
024.336  000.479  000.479: require('vim.diagnostic')
024.346  000.674  000.195: require('scrollbar.handlers.diagnostic')
024.616  000.238  000.238: require('scrollbar.handlers.search')
025.218  000.064  000.064: sourcing /home/takuyamuk/.local/share/nvim/lazy/nvim-hlslens/plugin/hlslens.vim
026.063  000.668  000.668: require('hlslens')
026.454  000.067  000.067: require('hlslens.lib.disposable')
026.493  000.229  000.162: require('hlslens.lib.event')
026.706  000.124  000.124: require('hlslens.utils')
026.853  000.065  000.065: require('hlslens.config')
026.978  000.122  000.122: require('hlslens.decorator')
027.033  000.051  000.051: require('hlslens.lib.throttle')
027.140  000.105  000.105: require('hlslens.position')
027.216  000.073  000.073: require('hlslens.render.winhl')
027.272  000.053  000.053: require('hlslens.render.extmark')
027.372  000.048  000.048: require('hlslens.highlight')
027.377  000.102  000.055: require('hlslens.render.floatwin')
027.384  000.674  000.103: require('hlslens.render')
027.437  000.052  000.052: require('hlslens.cmdline.parser')
027.483  000.043  000.043: require('hlslens.cmdline.fold')
027.529  000.044  000.044: require('hlslens.lib.debounce')
027.535  001.038  000.102: require('hlslens.cmdline')
027.539  001.469  000.202: require('hlslens.main')
027.837  000.103  000.103: require('hlslens.wffi')
027.842  000.194  000.091: require('hlslens.position.range.regex')
030.951  005.689  003.358: require('plugins/nvim-hlslens')
030.970  006.349  000.596: require('hlslens')
031.326  000.263  000.263: require('scrollbar.handlers.gitsigns')
032.754  000.204  000.204: require('gitsigns.async')
033.478  000.712  000.712: require('gitsigns.config')
033.715  000.214  000.214: require('gitsigns.debug.log')
033.727  001.640  000.510: require('gitsigns')
033.887  001.987  000.347: require('plugins.gitsigns')
033.895  002.557  000.570: require('gitsigns')
033.938  011.942  000.629: require('plugins.nvim-scrollbar')
035.258  000.362  000.362: sourcing /home/takuyamuk/.local/share/nvim/lazy/nvim-dap/plugin/dap.lua
035.491  000.180  000.180: require('plugins.nvim-dap')
036.277  000.465  000.465: require('dap.utils')
036.313  002.195  001.188: require('dap')
036.810  000.099  000.099: require('dapui.async.tasks')
036.900  000.085  000.085: require('dapui.async.control')
037.074  000.171  000.171: require('dapui.async.uv')
037.153  000.076  000.076: require('dapui.async.tests')
037.342  000.075  000.075: require('vim.ui')
037.348  000.193  000.117: require('dapui.async.ui')
037.442  000.092  000.092: require('dapui.async.lsp')
037.453  000.892  000.176: require('dapui.async')
038.114  000.181  000.181: require('dapui.config.highlights')
038.266  000.710  000.530: require('dapui.config')
038.277  000.823  000.113: require('dapui.util')
038.398  000.118  000.118: require('dapui.windows.layout')
038.404  001.970  000.137: require('dapui.windows')
038.536  000.130  000.130: require('dapui.controls')
038.546  002.230  000.131: require('dapui')
039.035  000.208  000.208: require('dapui.logging')
039.397  000.358  000.358: require('dapui.client.types')
039.404  000.694  000.128: require('dapui.client')
039.740  000.334  000.334: require('dap.breakpoints')
040.041  000.278  000.278: require('dapui.client.lib')
040.362  000.165  000.165: require('dapui.render.canvas')
040.365  000.290  000.126: require('dapui.elements.breakpoints')
040.439  000.061  000.061: require('dapui.components.breakpoints')
040.515  000.055  000.055: require('dapui.elements.repl')
040.567  000.048  000.048: require('dapui.elements.scopes')
040.730  000.150  000.150: require('dapui.components.scopes')
040.790  000.057  000.057: require('dapui.components.variables')
040.852  000.049  000.049: require('dapui.elements.stacks')
040.977  000.050  000.050: require('dapui.components.frames')
040.979  000.103  000.053: require('dapui.components.threads')
041.046  000.050  000.050: require('dapui.elements.watches')
041.110  000.053  000.053: require('dapui.components.watches')
041.191  000.067  000.067: require('dapui.elements.hover')
041.254  000.051  000.051: require('dapui.components.hover')
041.309  000.049  000.049: require('dapui.elements.console')
041.406  007.367  000.553: require('plugins.dapui')
042.164  000.149  000.149: sourcing /home/takuyamuk/.local/share/nvim/lazy/nvim-lspconfig/plugin/lspconfig.lua
043.292  000.058  000.058: require('Comment.config')
043.450  000.087  000.087: require('Comment.ft')
043.457  000.160  000.072: require('Comment.utils')
043.540  000.056  000.056: require('Comment.opfunc')
043.616  000.073  000.073: require('Comment.extra')
043.622  000.888  000.541: require('Comment.api')
043.717  001.052  000.164: sourcing /home/takuyamuk/.local/share/nvim/lazy/Comment.nvim/plugin/Comment.lua
043.852  000.050  000.050: require('Comment')
043.929  000.177  000.127: require('plugins.comment')
044.519  000.395  000.395: require('dap-python')
044.611  000.587  000.192: require('plugins/dap-python')
045.245  000.394  000.394: require('neodev')
045.572  000.321  000.321: require('neodev.config')
047.048  000.300  000.300: require('neodev.util')
047.079  000.743  000.443: require('neodev.lsp')
047.463  000.378  000.378: require('lspconfig.util')
048.183  000.054  000.054: require('lspconfig.async')
048.191  000.144  000.090: require('lspconfig.configs')
048.194  000.273  000.129: require('lspconfig')
048.283  000.086  000.086: require('lspconfig.server_configurations.lua_ls')
128.224  000.157  000.157: require('lspconfig.manager')
128.235  083.468  081.116: require('plugins/neodev')
129.034  000.065  000.065: require('vim.treesitter.language')
129.092  000.049  000.049: require('vim.func')
129.164  000.068  000.068: require('vim.func._memoize')
129.182  000.344  000.162: require('vim.treesitter.query')
129.243  000.058  000.058: require('vim.treesitter._range')
129.256  000.571  000.169: require('vim.treesitter.languagetree')
129.267  000.678  000.107: require('vim.treesitter')
129.670  000.400  000.400: require('rainbow-delimiters.config')
129.779  000.106  000.106: require('rainbow-delimiters.log')
129.952  000.067  000.067: require('rainbow-delimiters.util')
129.960  000.176  000.110: require('rainbow-delimiters.lib')
130.149  000.053  000.053: require('rainbow-delimiters.stack')
130.154  000.137  000.085: require('rainbow-delimiters.strategy.global')
130.170  000.205  000.067: require('rainbow-delimiters.default')
130.236  001.734  000.168: sourcing /home/takuyamuk/.local/share/nvim/lazy/Rainbow-delimiters.nvim/plugin/rainbow-delimiters.lua
130.869  000.064  000.064: sourcing /home/takuyamuk/.local/share/nvim/lazy/nvim-web-devicons/plugin/nvim-web-devicons.vim
131.982  000.136  000.136: sourcing /usr/share/nvim/runtime/plugin/editorconfig.lua
132.218  000.196  000.196: sourcing /usr/share/nvim/runtime/plugin/gzip.vim
132.374  000.112  000.112: sourcing /usr/share/nvim/runtime/plugin/man.lua
133.295  000.283  000.283: sourcing /usr/share/nvim/runtime/pack/dist/opt/matchit/plugin/matchit.vim
133.323  000.905  000.622: sourcing /usr/share/nvim/runtime/plugin/matchit.vim
133.554  000.181  000.181: sourcing /usr/share/nvim/runtime/plugin/matchparen.vim
134.011  000.412  000.412: sourcing /usr/share/nvim/runtime/plugin/netrwPlugin.vim
134.183  000.114  000.114: sourcing /usr/share/nvim/runtime/plugin/nvim.lua
134.414  000.184  000.184: sourcing /usr/share/nvim/runtime/plugin/rplugin.vim
134.611  000.095  000.095: sourcing /usr/share/nvim/runtime/plugin/shada.vim
134.689  000.028  000.028: sourcing /usr/share/nvim/runtime/plugin/spellfile.vim
134.914  000.138  000.138: sourcing /usr/share/nvim/runtime/plugin/tarPlugin.vim
135.072  000.102  000.102: sourcing /usr/share/nvim/runtime/plugin/tohtml.vim
135.136  000.022  000.022: sourcing /usr/share/nvim/runtime/plugin/tutor.vim
135.344  000.170  000.170: sourcing /usr/share/nvim/runtime/plugin/zipPlugin.vim
135.837  000.190  000.190: sourcing /home/takuyamuk/.local/share/nvim/lazy/indent-blankline.nvim/after/plugin/commands.lua
136.594  000.520  000.520: require('kanagawa')
137.536  000.120  000.120: require('kanagawa.utils')
141.253  003.860  003.740: sourcing /home/takuyamuk/.local/share/nvim/lazy/kanagawa.nvim/colors/kanagawa.vim
141.812  005.856  001.476: require('plugins/kanagawa')
141.953  000.135  000.135: require('plugins/indent-blankline')
143.685  000.658  000.658: require('lualine_require')
144.600  002.244  001.586: require('lualine')
145.923  000.345  000.345: require('kanagawa.colors')
146.477  000.116  000.116: require('kanagawa.lib.hsluv')
146.487  000.218  000.102: require('kanagawa.lib.color')
146.528  000.445  000.227: require('kanagawa.themes')
148.128  000.092  000.092: require('lualine.utils.mode')
150.026  000.073  000.073: require('nvim-navic.lib')
150.037  000.672  000.599: require('nvim-navic')
150.098  000.801  000.129: require('plugins.nvim-navic')
150.167  001.170  000.369: require('lualine.components.navic')
152.165  010.208  005.912: require('plugins/lualine')
153.566  000.076  000.076: require('nvim-treesitter.utils')
154.333  000.759  000.759: require('nvim-treesitter.parsers')
154.603  000.047  000.047: require('nvim-treesitter.compat')
154.806  000.150  000.150: require('nvim-treesitter.ts_utils')
154.814  000.208  000.058: require('nvim-treesitter.tsrange')
154.901  000.084  000.084: require('nvim-treesitter.caching')
154.912  000.415  000.076: require('nvim-treesitter.query')
154.929  000.508  000.093: require('nvim-treesitter.configs')
154.933  000.595  000.086: require('nvim-treesitter.info')
155.058  000.123  000.123: require('nvim-treesitter.shell_command_selectors')
155.107  001.729  000.176: require('nvim-treesitter.install')
155.177  000.067  000.067: require('nvim-treesitter.statusline')
155.320  000.137  000.137: require('nvim-treesitter.query_predicates')
155.325  002.672  000.738: require('nvim-treesitter')
155.811  003.221  000.549: sourcing /home/takuyamuk/.local/share/nvim/lazy/nvim-treesitter/plugin/nvim-treesitter.lua
155.867  003.606  000.385: require('nvim-treesitter.configs')
157.558  000.098  000.098: require('nvim-treesitter.highlight')
157.569  005.398  001.694: require('plugins/nvim-treesitter')
157.626  000.055  000.055: require('plugins/lps')
158.563  000.048  000.048: sourcing /home/takuyamuk/.local/share/nvim/lazy/plenary.nvim/plugin/plenary.vim
159.332  000.253  000.253: sourcing /home/takuyamuk/.local/share/nvim/lazy/telescope.nvim/plugin/telescope.lua
160.047  000.618  000.618: require('telescope._extensions')
160.053  002.367  001.449: require('telescope')
160.701  000.148  000.148: require('plenary.bit')
160.841  000.135  000.135: require('plenary.functional')
160.880  000.523  000.240: require('plenary.path')
160.898  000.676  000.153: require('plenary.strings')
160.992  000.092  000.092: require('telescope.deprecated')
161.410  000.174  000.174: require('plenary.log')
161.464  000.336  000.161: require('telescope.log')
162.188  000.388  000.388: require('plenary.job')
162.372  000.173  000.173: require('telescope.state')
162.389  000.922  000.360: require('telescope.utils')
162.412  001.417  000.160: require('telescope.sorters')
165.756  005.700  003.514: require('telescope.config')
167.710  000.233  000.233: require('fzf_lib')
167.781  000.544  000.311: require('telescope._extensions.fzf')
168.162  000.322  000.322: require('telescope.themes')
168.399  000.232  000.232: require('telescope.builtin')
168.492  010.863  001.697: require('plugins/telescope')
168.667  000.172  000.172: require('plugins/hlslens')
173.105  000.728  000.728: require('nvim-tree.notify')
173.132  000.961  000.233: require('nvim-tree.events')
173.831  000.137  000.137: require('nvim-tree.log')
174.011  000.079  000.079: require('nvim-tree.iterators.node-iterator')
174.063  000.224  000.145: require('nvim-tree.utils')
174.132  000.067  000.067: require('nvim-tree.git.utils')
174.207  000.072  000.072: require('nvim-tree.git.runner')
174.276  000.066  000.066: require('nvim-tree.watcher')
174.340  000.061  000.061: require('nvim-tree.explorer.node')
174.347  000.834  000.207: require('nvim-tree.git')
174.536  000.187  000.187: require('nvim-tree.explorer.watch')
174.663  000.055  000.055: require('nvim-tree.explorer.node-builders')
174.775  000.109  000.109: require('nvim-tree.explorer.sorters')
174.922  000.057  000.057: require('nvim-tree.marks')
174.926  000.147  000.090: require('nvim-tree.explorer.filters')
175.096  000.104  000.104: require('nvim-tree.view')
175.102  000.173  000.069: require('nvim-tree.live-filter')
175.105  000.565  000.081: require('nvim-tree.explorer.explore')
175.167  000.061  000.061: require('nvim-tree.explorer.reload')
175.172  002.037  000.390: require('nvim-tree.explorer')
175.203  003.611  000.614: require('nvim-tree.core')
175.307  000.046  000.046: require('nvim-tree.modified')
175.311  000.105  000.059: require('nvim-tree.renderer.components.modified')
175.386  000.074  000.074: require('nvim-tree.renderer.components.padding')
175.461  000.072  000.072: require('nvim-tree.renderer.components.icons')
175.595  000.132  000.132: require('nvim-tree.renderer.components.full-name')
175.696  000.097  000.097: require('nvim-tree.renderer.components.git')
175.903  000.049  000.049: require('nvim-tree.enum')
175.908  000.210  000.161: require('nvim-tree.renderer.components.diagnostics')
176.045  000.054  000.054: require('nvim-tree.renderer.components.bookmarks')
176.055  000.145  000.091: require('nvim-tree.renderer.builder')
176.063  004.765  000.320: require('nvim-tree.renderer')
176.070  006.144  001.379: require('nvim-tree.lib')
176.147  000.075  000.075: require('nvim-tree.colors')
176.388  000.053  000.053: require('nvim-tree.actions.finders.find-file')
176.391  000.104  000.051: require('nvim-tree.actions.tree.open')
176.442  000.048  000.048: require('nvim-tree.actions.tree.toggle')
176.500  000.054  000.054: require('nvim-tree.actions.reloaders.reloaders')
176.550  000.046  000.046: require('nvim-tree.actions.root.dir-up')
176.603  000.049  000.049: require('nvim-tree.actions.tree.find-file')
176.657  000.051  000.051: require('nvim-tree.actions.finders.search-node')
176.711  000.051  000.051: require('nvim-tree.actions.tree-modifiers.collapse-all')
176.857  000.118  000.118: require('nvim-tree.actions.tree-modifiers.expand-all')
176.954  000.094  000.094: require('nvim-tree.actions.tree-modifiers.toggles')
177.089  000.067  000.067: require('nvim-tree.keymap')
177.094  000.135  000.068: require('nvim-tree.help')
177.152  000.055  000.055: require('nvim-tree.actions.fs.create-file')
177.213  000.058  000.058: require('nvim-tree.actions.fs.remove-file')
177.271  000.056  000.056: require('nvim-tree.actions.fs.trash')
177.327  000.053  000.053: require('nvim-tree.actions.fs.rename-file')
177.401  000.069  000.069: require('nvim-tree.actions.fs.copy-paste')
177.464  000.054  000.054: require('nvim-tree.actions.node.file-popup')
177.516  000.049  000.049: require('nvim-tree.actions.node.run-command')
177.570  000.051  000.051: require('nvim-tree.actions.node.system-open')
177.619  000.047  000.047: require('nvim-tree.actions.moves.sibling')
177.670  000.047  000.047: require('nvim-tree.actions.moves.parent')
177.745  000.071  000.071: require('nvim-tree.actions.moves.item')
177.880  000.098  000.098: require('nvim-tree.marks.bulk-delete')
178.037  000.150  000.150: require('nvim-tree.marks.bulk-trash')
178.117  000.074  000.074: require('nvim-tree.marks.bulk-move')
178.247  000.073  000.073: require('nvim-tree.actions.node.open-file')
178.251  000.130  000.057: require('nvim-tree.marks.navigation')
178.256  002.047  000.231: require('nvim-tree.api')
178.264  002.114  000.067: require('nvim-tree.commands')
178.353  000.086  000.086: require('nvim-tree.actions.root.change-dir')
178.407  000.052  000.052: require('nvim-tree.legacy')
178.460  009.604  001.133: require('nvim-tree')
178.544  000.081  000.081: require('plugins.nvim-tree-actions')
178.804  000.099  000.099: require('nvim-tree.actions')
179.107  000.071  000.071: require('nvim-tree.diagnostics')
179.554  000.230  000.230: require('nvim-web-devicons.icons-default')
179.608  000.415  000.185: require('nvim-web-devicons')
182.038  013.368  003.099: require('plugins/nvim-tree')
185.002  000.083  000.083: require('telescope.actions.state')
185.014  000.231  000.148: require('telescope._extensions.file_browser.utils')
185.511  000.086  000.086: require('plenary.window.border')
185.632  000.117  000.117: require('plenary.window')
185.703  000.068  000.068: require('plenary.popup.utils')
185.756  000.460  000.189: require('plenary.popup')
185.930  000.167  000.167: require('telescope.pickers.scroller')
186.083  000.149  000.149: require('telescope.actions.utils')
186.527  000.250  000.250: require('telescope.actions.mt')
186.598  000.511  000.261: require('telescope.actions.set')
187.030  000.162  000.162: require('telescope.config.resolve')
187.035  000.433  000.271: require('telescope.pickers.entry_display')
187.139  000.101  000.101: require('telescope.from_entry')
187.467  002.450  000.630: require('telescope.actions')
188.056  000.585  000.585: require('plenary.scandir')
188.652  000.082  000.082: require('plenary.tbl')
188.661  000.166  000.084: require('plenary.vararg.rotate')
188.664  000.320  000.153: require('plenary.vararg')
188.768  000.103  000.103: require('plenary.errors')
188.774  000.526  000.103: require('plenary.async.async')
189.145  000.104  000.104: require('plenary.async.structs')
189.157  000.206  000.102: require('plenary.async.control')
189.170  000.306  000.100: require('plenary.async.util')
189.175  000.398  000.092: require('plenary.async.tests')
189.177  001.102  000.178: require('plenary.async')
189.348  005.362  000.994: require('telescope._extensions.file_browser.actions')
189.853  000.215  000.215: require('telescope._extensions.file_browser.git')
190.125  000.266  000.266: require('telescope._extensions.file_browser.fs_stat')
190.133  000.649  000.168: require('telescope._extensions.file_browser.make_entry')
190.465  000.093  000.093: require('plenary.class')
190.485  000.245  000.152: require('telescope._')
190.878  000.391  000.391: require('telescope.make_entry')
190.884  000.750  000.114: require('telescope.finders.async_oneshot_finder')
191.184  000.105  000.105: require('telescope.finders.async_static_finder')
191.300  000.113  000.113: require('telescope.finders.async_job_finder')
191.310  000.424  000.205: require('telescope.finders')
271.571  082.220  080.397: require('telescope._extensions.file_browser.finders')
272.537  000.367  000.367: require('telescope.debounce')
272.945  000.396  000.396: require('telescope.mappings')
273.142  000.190  000.190: require('telescope.pickers.highlights')
273.261  000.115  000.115: require('telescope.pickers.window')
273.589  000.174  000.174: require('telescope.algos.linked_list')
273.599  000.334  000.161: require('telescope.entry_manager')
273.699  000.098  000.098: require('telescope.pickers.multi')
273.720  001.900  000.400: require('telescope.pickers')
273.727  002.140  000.241: require('telescope._extensions.file_browser.picker')
273.839  000.110  000.110: require('telescope._extensions.file_browser.config')
273.843  090.343  000.511: require('telescope._extensions.file_browser')
274.024  091.978  001.635: require('plugins/telescope-file-browser')
276.086  000.126  000.126: require('cmp_nvim_lsp.source')
276.097  001.081  000.955: require('cmp_nvim_lsp')
276.121  001.178  000.097: sourcing /home/takuyamuk/.local/share/nvim/lazy/cmp-nvim-lsp/after/plugin/cmp_nvim_lsp.lua
276.380  000.129  000.129: require('mason-core.path')
277.456  000.716  000.716: require('mason-core.functional')
278.005  000.240  000.240: require('mason-core.functional.data')
278.029  000.530  000.290: require('mason-core.functional.function')
278.250  000.197  000.197: require('mason-core.functional.relation')
278.476  000.173  000.173: require('mason-core.functional.logic')
278.525  002.141  000.526: require('mason-core.platform')
278.730  000.203  000.203: require('mason.settings')
278.734  004.628  000.978: require('mason')
279.997  000.732  000.732: require('mason-core.functional.list')
280.249  000.233  000.233: require('mason-core.functional.string')
280.359  001.458  000.493: require('mason.api.command')
280.628  000.257  000.257: require('mason-registry.sources')
281.334  000.389  000.389: require('mason-core.log')
281.435  000.093  000.093: require('mason-lspconfig.settings')
281.441  000.726  000.244: require('mason-lspconfig')
281.583  000.140  000.140: require('mason-core.optional')
281.826  000.076  000.076: require('mason-core.functional.table')
281.859  000.273  000.197: require('mason-lspconfig.mappings.server')
281.993  000.057  000.057: require('mason-core.EventEmitter')
282.133  000.074  000.074: require('mason-core.async')
282.190  000.053  000.053: require('mason-core.async.uv')
282.236  000.240  000.113: require('mason-core.fs')
282.325  000.463  000.166: require('mason-registry')
282.491  000.161  000.161: require('mason-lspconfig.notify')
282.738  000.100  000.100: require('lspconfig.server_configurations.pylsp')
283.133  000.080  000.080: require('lspconfig.server_configurations.clangd')
283.513  000.273  000.273: require('lspconfig.server_configurations.fortls')
283.652  009.624  001.065: require('plugins/mason')
283.783  000.128  000.128: require('plugins/nvim-lspconfig')
284.167  000.109  000.109: sourcing /usr/share/nvim/runtime/syntax/synload.vim
284.268  000.416  000.307: sourcing /usr/share/nvim/runtime/syntax/syntax.vim
284.585  278.327  008.648: sourcing /home/takuyamuk/.config/nvim/init.lua
284.599  001.007: sourcing vimrc file(s)
284.941  000.068  000.068: sourcing /usr/share/nvim/runtime/filetype.lua
285.002  000.335: inits 3
288.710  003.708: reading ShaDa
289.174  000.464: opening buffers
289.306  000.132: BufEnter autocommands
289.314  000.008: editing files in windows
289.798  000.139  000.139: require('dap.ui')
289.872  000.421  000.283: require('dap.repl')
290.018  000.090  000.090: require('mason-core.terminator')


times in msec
 clock   self+sourced   self:  sourced script
 clock   elapsed:              other lines

000.014  000.014: --- NVIM STARTING ---
000.342  000.328: event init
000.482  000.141: early init
000.828  000.346: locale set
000.972  000.144: init first window
001.385  000.413: inits 1
001.399  000.014: window checked
001.402  000.004: parsing arguments
002.241  000.054  000.054: require('vim.shared')
002.350  000.052  000.052: require('vim.inspect')
002.414  000.048  000.048: require('vim._options')
002.416  000.169  000.069: require('vim._editor')
002.418  000.304  000.081: require('vim._init_packages')
002.423  000.717: init lua interpreter
003.245  000.822: expanding arguments
003.318  000.073: inits 2
003.777  000.459: init highlight
