

times in msec
 clock   self+sourced   self:  sourced script
 clock   elapsed:              other lines

000.013  000.013: --- NVIM STARTING ---
000.415  000.401: event init
003.797  003.382: early init
004.157  000.360: locale set
004.258  000.101: init first window
004.708  000.450: inits 1
004.736  000.029: window checked
004.741  000.005: parsing arguments
005.446  000.054  000.054: require('vim.shared')
005.552  000.051  000.051: require('vim.inspect')
005.650  000.082  000.082: require('vim._options')
005.655  000.204  000.070: require('vim._editor')
005.658  000.333  000.075: require('vim._init_packages')
005.665  000.591: init lua interpreter
005.830  000.164: expanding arguments
005.871  000.041: inits 2
006.699  000.828: init highlight
006.703  000.004: waiting for UI
007.090  000.387: done waiting for UI
007.110  000.020: clear screen
007.181  000.010  000.010: require('vim.keymap')
007.766  000.648  000.638: require('vim._defaults')
007.772  000.014: init default mappings & autocommands
009.321  000.276  000.276: sourcing /usr/share/nvim/runtime/ftplugin.vim
009.849  000.295  000.295: sourcing /usr/share/nvim/runtime/indent.vim
011.421  001.046  001.046: require('lazy')
011.509  000.035  000.035: require('ffi')
011.898  000.217  000.217: require('vim.uri')
011.923  000.407  000.190: require('vim.loader')
012.068  000.083  000.083: require('vim.fs')
012.339  000.388  000.305: require('lazy.stats')
012.513  000.126  000.126: require('lazy.core.util')
012.811  000.294  000.294: require('lazy.core.config')
013.081  000.112  000.112: require('lazy.core.handler')
013.219  000.135  000.135: require('lazy.core.plugin')
013.232  000.416  000.170: require('lazy.core.loader')
015.088  000.133  000.133: require('lazy.core.handler.event')
015.096  000.254  000.121: require('lazy.core.handler.ft')
015.226  000.124  000.124: require('lazy.core.handler.cmd')
015.425  000.193  000.193: require('lazy.core.handler.keys')
016.372  000.344  000.344: sourcing /usr/share/nvim/runtime/filetype.lua
017.493  000.179  000.179: require('vim.lsp.log')
017.871  000.373  000.373: require('vim.lsp.protocol')
018.682  000.483  000.483: require('vim.lsp._snippet_grammar')
018.789  000.102  000.102: require('vim.highlight')
018.824  000.031  000.031: require('vim.F')
018.862  000.986  000.369: require('vim.lsp.util')
018.904  001.678  000.140: require('vim.lsp.handlers')
019.160  000.254  000.254: require('vim.lsp.rpc')
019.293  000.130  000.130: require('vim.lsp.sync')
019.410  000.114  000.114: require('vim.lsp.semantic_tokens')
019.512  000.097  000.097: require('vim.lsp.buf')
019.698  000.184  000.184: require('vim.lsp.diagnostic')
019.973  000.271  000.271: require('vim.lsp.codelens')
020.089  000.112  000.112: require('vim.lsp.inlay_hint')
020.136  003.322  000.484: require('vim.lsp')
020.223  000.081  000.081: require('vim.version')
022.365  005.717  002.314: sourcing /home/takuyamuk/.local/share/nvim/lazy/nvim-lspconfig/plugin/lspconfig.lua
023.182  000.063  000.063: sourcing /home/takuyamuk/.local/share/nvim/lazy/nvim-web-devicons/plugin/nvim-web-devicons.vim
024.033  000.048  000.048: sourcing /home/takuyamuk/.local/share/nvim/lazy/plenary.nvim/plugin/plenary.vim
024.970  000.529  000.529: sourcing /home/takuyamuk/.local/share/nvim/lazy/telescope.nvim/plugin/telescope.lua
027.670  000.228  000.228: require('gitsigns.async')
028.086  000.408  000.408: require('gitsigns.config')
028.379  000.289  000.289: require('gitsigns.debug.log')
028.391  001.456  000.531: require('gitsigns')
028.747  002.030  000.574: require('plugins.gitsigns')
029.306  000.116  000.116: sourcing /home/takuyamuk/.local/share/nvim/lazy/nvim-hlslens/plugin/hlslens.vim
030.524  000.822  000.822: require('hlslens')
031.391  000.359  000.359: require('hlslens.utils')
031.736  000.183  000.183: require('hlslens.config')
031.817  000.077  000.077: require('hlslens.lib.disposable')
031.919  000.048  000.048: require('hlslens.lib.event')
031.923  000.103  000.055: require('hlslens.decorator')
031.974  000.049  000.049: require('hlslens.lib.throttle')
032.040  000.064  000.064: require('hlslens.position')
032.127  000.052  000.052: require('hlslens.render.winhl')
032.211  000.082  000.082: require('hlslens.render.extmark')
032.381  000.061  000.061: require('hlslens.highlight')
032.386  000.172  000.111: require('hlslens.render.floatwin')
032.394  000.999  000.217: require('hlslens.render')
032.451  000.054  000.054: require('hlslens.cmdline.parser')
032.497  000.044  000.044: require('hlslens.cmdline.fold')
032.545  000.046  000.046: require('hlslens.lib.debounce')
032.551  001.729  000.226: require('hlslens.cmdline')
032.555  002.023  000.295: require('hlslens.main')
033.001  000.112  000.112: require('hlslens.wffi')
033.006  000.181  000.069: require('hlslens.position.range.regex')
034.115  004.725  001.699: require('plugins.nvim-hlslens')
034.324  000.045  000.045: require('scrollbar.const')
034.386  000.058  000.058: require('scrollbar.utils')
034.442  000.053  000.053: require('scrollbar.handlers')
034.447  000.226  000.070: require('scrollbar')
034.508  000.060  000.060: require('scrollbar.config')
034.949  000.087  000.087: require('scrollbar.handlers.cursor')
035.246  000.209  000.209: require('vim.diagnostic')
035.252  000.279  000.070: require('scrollbar.handlers.diagnostic')
035.360  000.086  000.086: require('scrollbar.handlers.search')
035.445  000.057  000.057: require('scrollbar.handlers.gitsigns')
035.470  001.313  000.518: require('plugins/nvim-scrollbar')
036.976  000.124  000.124: require('vim.treesitter.language')
037.048  000.061  000.061: require('vim.func')
037.120  000.069  000.069: require('vim.func._memoize')
037.150  000.596  000.342: require('vim.treesitter.query')
037.236  000.085  000.085: require('vim.treesitter._range')
037.258  000.857  000.176: require('vim.treesitter.languagetree')
037.270  000.994  000.138: require('vim.treesitter')
037.835  000.562  000.562: require('rainbow-delimiters.config')
038.021  000.175  000.175: require('rainbow-delimiters.log')
038.251  000.084  000.084: require('rainbow-delimiters.util')
038.258  000.230  000.146: require('rainbow-delimiters.lib')
038.539  000.093  000.093: require('rainbow-delimiters.stack')
038.546  000.205  000.111: require('rainbow-delimiters.strategy.global')
038.566  000.300  000.096: require('rainbow-delimiters.default')
038.697  002.493  000.232: sourcing /home/takuyamuk/.local/share/nvim/lazy/Rainbow-delimiters.nvim/plugin/rainbow-delimiters.lua
040.310  000.202  000.202: require('ibl.utils')
040.336  000.390  000.188: require('ibl.config')
040.810  000.281  000.281: require('ibl.indent')
040.839  000.501  000.220: require('ibl.hooks')
040.842  001.006  000.115: require('ibl.highlights')
041.019  000.174  000.174: require('ibl.autocmds')
041.987  000.965  000.965: require('ibl.inlay_hints')
042.874  000.848  000.848: require('ibl.virt_text')
043.888  000.640  000.640: require('ibl.scope_languages')
043.917  001.027  000.387: require('ibl.scope')
043.941  004.679  000.657: require('ibl')
044.546  000.120  000.120: sourcing /usr/share/nvim/runtime/plugin/editorconfig.lua
045.046  000.344  000.344: sourcing /usr/share/nvim/runtime/plugin/gzip.vim
045.228  000.107  000.107: sourcing /usr/share/nvim/runtime/plugin/man.lua
046.036  000.261  000.261: sourcing /usr/share/nvim/runtime/pack/dist/opt/matchit/plugin/matchit.vim
046.062  000.795  000.534: sourcing /usr/share/nvim/runtime/plugin/matchit.vim
046.275  000.174  000.174: sourcing /usr/share/nvim/runtime/plugin/matchparen.vim
046.766  000.434  000.434: sourcing /usr/share/nvim/runtime/plugin/netrwPlugin.vim
046.889  000.077  000.077: sourcing /usr/share/nvim/runtime/plugin/nvim.lua
047.166  000.238  000.238: sourcing /usr/share/nvim/runtime/plugin/rplugin.vim
047.289  000.076  000.076: sourcing /usr/share/nvim/runtime/plugin/shada.vim
047.358  000.028  000.028: sourcing /usr/share/nvim/runtime/plugin/spellfile.vim
047.509  000.114  000.114: sourcing /usr/share/nvim/runtime/plugin/tarPlugin.vim
047.722  000.173  000.173: sourcing /usr/share/nvim/runtime/plugin/tohtml.vim
047.789  000.023  000.023: sourcing /usr/share/nvim/runtime/plugin/tutor.vim
047.992  000.166  000.166: sourcing /usr/share/nvim/runtime/plugin/zipPlugin.vim
048.332  000.134  000.134: sourcing /home/takuyamuk/.local/share/nvim/lazy/indent-blankline.nvim/after/plugin/commands.lua
048.567  000.068  000.068: require('kanagawa')
049.750  000.082  000.082: require('kanagawa.utils')
052.571  002.992  002.910: sourcing /home/takuyamuk/.local/share/nvim/lazy/kanagawa.nvim/colors/kanagawa.vim
052.992  004.563  001.504: require('plugins/kanagawa')
053.075  000.079  000.079: require('plugins/indent-blankline')
053.309  000.062  000.062: require('lualine_require')
053.760  000.607  000.545: require('lualine')
054.947  000.157  000.157: require('kanagawa.colors')
055.307  000.114  000.114: require('kanagawa.lib.hsluv')
055.321  000.230  000.117: require('kanagawa.lib.color')
055.324  000.351  000.121: require('kanagawa.themes')
057.159  000.124  000.124: require('lualine.utils.mode')
061.840  000.345  000.345: require('nvim-navic.lib')
061.856  001.793  001.447: require('nvim-navic')
061.951  002.051  000.259: require('plugins.nvim-navic')
062.138  003.068  001.016: require('lualine.components.navic')
065.995  012.916  008.608: require('plugins/lualine')
067.781  000.259  000.259: require('nvim-treesitter.utils')
070.142  002.354  002.354: require('nvim-treesitter.parsers')
070.449  000.048  000.048: require('nvim-treesitter.compat')
070.573  000.066  000.066: require('nvim-treesitter.ts_utils')
070.580  000.127  000.061: require('nvim-treesitter.tsrange')
070.697  000.115  000.115: require('nvim-treesitter.caching')
070.723  000.397  000.106: require('nvim-treesitter.query')
070.739  000.490  000.093: require('nvim-treesitter.configs')
070.743  000.593  000.103: require('nvim-treesitter.info')
070.824  000.079  000.079: require('nvim-treesitter.shell_command_selectors')
070.859  003.549  000.264: require('nvim-treesitter.install')
070.914  000.053  000.053: require('nvim-treesitter.statusline')
070.975  000.058  000.058: require('nvim-treesitter.query_predicates')
070.978  004.271  000.610: require('nvim-treesitter')
071.244  004.684  000.413: sourcing /home/takuyamuk/.local/share/nvim/lazy/nvim-treesitter/plugin/nvim-treesitter.lua
071.289  005.149  000.466: require('nvim-treesitter.configs')
072.768  000.206  000.206: require('nvim-treesitter.highlight')
072.779  006.777  001.422: require('plugins/nvim-treesitter')
072.850  000.069  000.069: require('plugins/lps')
073.084  000.063  000.063: require('telescope._extensions')
073.089  000.173  000.110: require('telescope')
073.361  000.050  000.050: require('plenary.bit')
073.411  000.048  000.048: require('plenary.functional')
073.440  000.208  000.111: require('plenary.path')
073.456  000.277  000.069: require('plenary.strings')
073.536  000.078  000.078: require('telescope.deprecated')
073.954  000.201  000.201: require('plenary.log')
073.979  000.288  000.088: require('telescope.log')
074.157  000.077  000.077: require('plenary.job')
074.228  000.068  000.068: require('telescope.state')
074.236  000.255  000.110: require('telescope.utils')
074.243  000.704  000.161: require('telescope.sorters')
077.024  003.933  002.873: require('telescope.config')
078.204  000.192  000.192: require('fzf_lib')
078.212  000.344  000.152: require('telescope._extensions.fzf')
078.485  000.265  000.265: require('telescope.themes')
078.719  000.230  000.230: require('telescope.builtin')
078.842  005.989  001.044: require('plugins/telescope')
079.816  000.070  000.070: require('nvim-tree.notify')
079.823  000.286  000.216: require('nvim-tree.events')
080.363  000.111  000.111: require('nvim-tree.log')
080.758  000.204  000.204: require('nvim-tree.iterators.node-iterator')
080.819  000.452  000.247: require('nvim-tree.utils')
080.927  000.105  000.105: require('nvim-tree.git.utils')
081.049  000.119  000.119: require('nvim-tree.git.runner')
081.170  000.118  000.118: require('nvim-tree.watcher')
081.269  000.096  000.096: require('nvim-tree.explorer.node')
081.276  001.169  000.169: require('nvim-tree.git')
081.368  000.089  000.089: require('nvim-tree.explorer.watch')
081.727  000.115  000.115: require('nvim-tree.explorer.node-builders')
081.891  000.134  000.134: require('nvim-tree.explorer.sorters')
082.007  000.113  000.113: require('nvim-tree.explorer.filters')
082.340  000.231  000.231: require('nvim-tree.view')
082.349  000.339  000.108: require('nvim-tree.live-filter')
082.353  000.983  000.282: require('nvim-tree.explorer.explore')
082.465  000.110  000.110: require('nvim-tree.explorer.reload')
082.472  002.647  000.295: require('nvim-tree.explorer')
082.476  002.996  000.063: require('nvim-tree.core')
082.805  000.252  000.252: require('nvim-tree.modified')
082.809  000.332  000.079: require('nvim-tree.renderer.components.modified')
082.907  000.096  000.096: require('nvim-tree.renderer.components.padding')
083.003  000.092  000.092: require('nvim-tree.renderer.components.icons')
083.112  000.106  000.106: require('nvim-tree.renderer.components.full-name')
083.231  000.117  000.117: require('nvim-tree.renderer.components.git')
083.380  000.065  000.065: require('nvim-tree.enum')
083.384  000.150  000.085: require('nvim-tree.renderer.components.diagnostics')
083.920  000.194  000.194: require('nvim-tree.marks')
083.945  000.425  000.232: require('nvim-tree.renderer.components.bookmarks')
083.966  000.581  000.155: require('nvim-tree.renderer.builder')
083.975  004.602  000.133: require('nvim-tree.renderer')
083.984  004.723  000.121: require('nvim-tree.lib')
084.134  000.148  000.148: require('nvim-tree.colors')
084.593  000.115  000.115: require('nvim-tree.actions.finders.find-file')
084.617  000.220  000.105: require('nvim-tree.actions.tree.open')
084.730  000.111  000.111: require('nvim-tree.actions.tree.toggle')
084.819  000.084  000.084: require('nvim-tree.actions.reloaders.reloaders')
084.896  000.073  000.073: require('nvim-tree.actions.root.dir-up')
084.970  000.070  000.070: require('nvim-tree.actions.tree.find-file')
085.049  000.076  000.076: require('nvim-tree.actions.finders.search-node')
085.281  000.229  000.229: require('nvim-tree.actions.tree-modifiers.collapse-all')
085.469  000.185  000.185: require('nvim-tree.actions.tree-modifiers.expand-all')
085.719  000.247  000.247: require('nvim-tree.actions.tree-modifiers.toggles')
086.218  000.293  000.293: require('nvim-tree.keymap')
086.272  000.538  000.245: require('nvim-tree.help')
086.490  000.214  000.214: require('nvim-tree.actions.fs.create-file')
086.877  000.385  000.385: require('nvim-tree.actions.fs.remove-file')
087.182  000.300  000.300: require('nvim-tree.actions.fs.trash')
087.391  000.194  000.194: require('nvim-tree.actions.fs.rename-file')
087.783  000.386  000.386: require('nvim-tree.actions.fs.copy-paste')
087.938  000.138  000.138: require('nvim-tree.actions.node.file-popup')
087.993  000.052  000.052: require('nvim-tree.actions.node.run-command')
088.052  000.055  000.055: require('nvim-tree.actions.node.system-open')
088.108  000.053  000.053: require('nvim-tree.actions.moves.sibling')
088.162  000.049  000.049: require('nvim-tree.actions.moves.parent')
088.215  000.049  000.049: require('nvim-tree.actions.moves.item')
088.307  000.083  000.083: require('nvim-tree.marks.bulk-delete')
088.363  000.053  000.053: require('nvim-tree.marks.bulk-trash')
088.417  000.052  000.052: require('nvim-tree.marks.bulk-move')
088.542  000.071  000.071: require('nvim-tree.actions.node.open-file')
088.547  000.127  000.056: require('nvim-tree.marks.navigation')
088.551  004.312  000.290: require('nvim-tree.api')
088.558  004.421  000.109: require('nvim-tree.commands')
088.713  000.132  000.132: require('nvim-tree.actions.root.change-dir')
088.772  000.056  000.056: require('nvim-tree.legacy')
088.828  009.891  000.412: require('nvim-tree')
088.918  000.087  000.087: require('plugins.nvim-tree-actions')
089.154  000.071  000.071: require('nvim-tree.actions')
089.424  000.080  000.080: require('nvim-tree.diagnostics')
090.001  000.250  000.250: require('nvim-web-devicons.icons-default')
090.056  000.533  000.283: require('nvim-web-devicons')
092.485  013.640  002.978: require('plugins/nvim-tree')
095.142  000.074  000.074: require('telescope.actions.state')
095.184  000.193  000.119: require('telescope._extensions.file_browser.utils')
095.549  000.064  000.064: require('plenary.window.border')
095.636  000.082  000.082: require('plenary.window')
095.685  000.046  000.046: require('plenary.popup.utils')
095.690  000.291  000.099: require('plenary.popup')
095.759  000.066  000.066: require('telescope.pickers.scroller')
095.825  000.064  000.064: require('telescope.actions.utils')
096.030  000.072  000.072: require('telescope.actions.mt')
096.048  000.220  000.149: require('telescope.actions.set')
096.213  000.082  000.082: require('telescope.config.resolve')
096.217  000.167  000.086: require('telescope.pickers.entry_display')
096.326  000.107  000.107: require('telescope.from_entry')
096.538  001.352  000.436: require('telescope.actions')
097.042  000.499  000.499: require('plenary.scandir')
097.378  000.043  000.043: require('plenary.tbl')
097.383  000.095  000.051: require('plenary.vararg.rotate')
097.385  000.144  000.050: require('plenary.vararg')
097.430  000.043  000.043: require('plenary.errors')
097.435  000.266  000.078: require('plenary.async.async')
097.712  000.099  000.099: require('plenary.async.structs')
097.721  000.191  000.092: require('plenary.async.control')
097.726  000.244  000.053: require('plenary.async.util')
097.729  000.292  000.047: require('plenary.async.tests')
097.731  000.682  000.124: require('plenary.async')
097.850  003.438  000.712: require('telescope._extensions.file_browser.actions')
098.117  000.077  000.077: require('telescope._extensions.file_browser.git')
098.195  000.074  000.074: require('telescope._extensions.file_browser.fs_stat')
098.200  000.246  000.095: require('telescope._extensions.file_browser.make_entry')
098.426  000.053  000.053: require('plenary.class')
098.442  000.164  000.111: require('telescope._')
098.698  000.253  000.253: require('telescope.make_entry')
098.702  000.500  000.083: require('telescope.finders.async_oneshot_finder')
098.885  000.088  000.088: require('telescope.finders.async_static_finder')
098.960  000.072  000.072: require('telescope.finders.async_job_finder')
098.966  000.262  000.102: require('telescope.finders')
185.165  087.311  086.303: require('telescope._extensions.file_browser.finders')
186.044  000.264  000.264: require('telescope.debounce')
186.269  000.218  000.218: require('telescope.mappings')
186.412  000.139  000.139: require('telescope.pickers.highlights')
186.592  000.177  000.177: require('telescope.pickers.window')
186.869  000.136  000.136: require('telescope.algos.linked_list')
186.880  000.284  000.149: require('telescope.entry_manager')
186.993  000.111  000.111: require('telescope.pickers.multi')
187.025  001.679  000.486: require('telescope.pickers')
187.029  001.850  000.172: require('telescope._extensions.file_browser.picker')
187.141  000.110  000.110: require('telescope._extensions.file_browser.config')
187.146  093.202  000.492: require('telescope._extensions.file_browser')
187.318  094.824  001.622: require('plugins/telescope-file-browser')
189.032  000.131  000.131: require('cmp_nvim_lsp.source')
189.039  000.844  000.713: require('cmp_nvim_lsp')
189.061  000.937  000.093: sourcing /home/takuyamuk/.local/share/nvim/lazy/cmp-nvim-lsp/after/plugin/cmp_nvim_lsp.lua
189.285  000.092  000.092: require('mason-core.path')
189.651  000.238  000.238: require('mason-core.functional')
189.860  000.088  000.088: require('mason-core.functional.data')
189.869  000.194  000.106: require('mason-core.functional.function')
189.983  000.092  000.092: require('mason-core.functional.relation')
190.076  000.080  000.080: require('mason-core.functional.logic')
190.099  000.810  000.205: require('mason-core.platform')
190.254  000.153  000.153: require('mason.settings')
190.258  002.860  000.867: require('mason')
190.668  000.213  000.213: require('mason-core.functional.list')
190.792  000.117  000.117: require('mason-core.functional.string')
190.832  000.525  000.195: require('mason.api.command')
190.950  000.110  000.110: require('mason-registry.sources')
191.558  000.453  000.453: require('mason-core.log')
191.836  000.266  000.266: require('mason-lspconfig.settings')
191.855  000.864  000.145: require('mason-lspconfig')
192.054  000.195  000.195: require('mason-core.optional')
192.486  000.182  000.182: require('mason-core.functional.table')
192.534  000.474  000.293: require('mason-lspconfig.mappings.server')
192.882  000.107  000.107: require('mason-core.EventEmitter')
193.155  000.179  000.179: require('mason-core.async')
193.238  000.078  000.078: require('mason-core.async.uv')
193.252  000.366  000.108: require('mason-core.fs')
193.298  000.761  000.288: require('mason-registry')
193.377  000.077  000.077: require('mason-lspconfig.notify')
194.196  000.302  000.302: require('lspconfig.util')
194.304  000.101  000.101: require('lspconfig.async')
194.308  000.587  000.183: require('lspconfig.configs')
194.311  000.837  000.250: require('lspconfig')
194.397  000.082  000.082: require('lspconfig.server_configurations.pylsp')
195.108  000.549  000.549: require('lspconfig.manager')
195.410  000.290  000.290: require('lspconfig.server_configurations.lua_ls')
195.925  000.273  000.273: require('lspconfig.server_configurations.clangd')
196.374  000.185  000.185: require('lspconfig.server_configurations.fortls')
196.565  009.243  001.162: require('plugins/mason')
196.878  000.309  000.309: require('plugins/nvim-lspconfig')
197.311  000.113  000.113: sourcing /usr/share/nvim/runtime/syntax/synload.vim
197.417  000.454  000.341: sourcing /usr/share/nvim/runtime/syntax/syntax.vim
197.686  187.708  010.502: sourcing /home/takuyamuk/.config/nvim/init.lua
197.700  001.648: sourcing vimrc file(s)
198.045  000.113  000.113: sourcing /usr/share/nvim/runtime/filetype.lua
198.107  000.295: inits 3
201.395  003.288: reading ShaDa
201.989  000.594: opening buffers
202.298  000.309: BufEnter autocommands
202.302  000.004: editing files in windows
202.768  000.418  000.418: require('mason-core.terminator')


times in msec
 clock   self+sourced   self:  sourced script
 clock   elapsed:              other lines

000.011  000.011: --- NVIM STARTING ---
000.374  000.363: event init
000.504  000.130: early init
000.859  000.355: locale set
000.967  000.108: init first window
001.398  000.430: inits 1
001.412  000.014: window checked
001.416  000.004: parsing arguments
002.159  000.055  000.055: require('vim.shared')
002.269  000.052  000.052: require('vim.inspect')
002.332  000.048  000.048: require('vim._options')
002.334  000.170  000.070: require('vim._editor')
002.336  000.299  000.074: require('vim._init_packages')
002.341  000.626: init lua interpreter
003.128  000.787: expanding arguments
003.194  000.065: inits 2
003.655  000.461: init highlight


times in msec
 clock   self+sourced   self:  sourced script
 clock   elapsed:              other lines

000.016  000.016: --- NVIM STARTING ---
000.428  000.412: event init
000.617  000.189: early init
001.062  000.445: locale set
001.174  000.113: init first window
001.748  000.574: inits 1
001.783  000.035: window checked
001.790  000.007: parsing arguments
002.805  000.072  000.072: require('vim.shared')
002.957  000.077  000.077: require('vim.inspect')
003.148  000.110  000.110: require('vim._options')
003.158  000.340  000.154: require('vim._editor')
003.162  000.527  000.115: require('vim._init_packages')
003.174  000.856: init lua interpreter
003.485  000.311: expanding arguments
003.578  000.094: inits 2
004.377  000.798: init highlight
004.383  000.006: waiting for UI
004.759  000.376: done waiting for UI
004.808  000.049: clear screen
004.883  000.010  000.010: require('vim.keymap')
005.600  000.781  000.771: require('vim._defaults')
005.611  000.022: init default mappings & autocommands
006.917  000.120  000.120: sourcing /usr/share/nvim/runtime/ftplugin.vim
007.104  000.074  000.074: sourcing /usr/share/nvim/runtime/indent.vim
009.185  001.467  001.467: require('lazy')
009.272  000.032  000.032: require('ffi')
009.575  000.180  000.180: require('vim.uri')
009.596  000.318  000.138: require('vim.loader')
009.708  000.061  000.061: require('vim.fs')
009.925  000.304  000.243: require('lazy.stats')
010.107  000.157  000.157: require('lazy.core.util')
010.271  000.159  000.159: require('lazy.core.config')
010.477  000.080  000.080: require('lazy.core.handler')
010.665  000.185  000.185: require('lazy.core.plugin')
010.673  000.399  000.134: require('lazy.core.loader')
012.412  000.214  000.214: require('lazy.core.handler.event')
012.428  000.346  000.132: require('lazy.core.handler.ft')
012.756  000.315  000.315: require('lazy.core.handler.cmd')
013.806  001.036  001.036: require('lazy.core.handler.keys')
015.176  000.584  000.584: sourcing /usr/share/nvim/runtime/filetype.lua
016.698  000.177  000.177: require('ibl.utils')
016.711  000.262  000.085: require('ibl.config')
017.076  000.287  000.287: require('ibl.indent')
017.090  000.376  000.089: require('ibl.hooks')
017.097  000.717  000.079: require('ibl.highlights')
017.376  000.275  000.275: require('ibl.autocmds')
017.587  000.200  000.200: require('ibl.inlay_hints')
017.718  000.122  000.122: require('ibl.virt_text')
018.364  000.550  000.550: require('ibl.scope_languages')
018.376  000.653  000.104: require('ibl.scope')
018.390  002.865  000.898: require('ibl')
020.703  000.627  000.627: require('vim.lsp.log')
022.337  001.621  001.621: require('vim.lsp.protocol')
023.185  000.340  000.340: require('vim.lsp._snippet_grammar')
023.383  000.188  000.188: require('vim.highlight')
023.413  000.024  000.024: require('vim.F')
023.438  001.012  000.460: require('vim.lsp.util')
023.457  004.186  000.926: require('vim.lsp.handlers')
023.593  000.133  000.133: require('vim.lsp.rpc')
023.815  000.218  000.218: require('vim.lsp.sync')
023.921  000.102  000.102: require('vim.lsp.semantic_tokens')
024.244  000.320  000.320: require('vim.lsp.buf')
024.372  000.122  000.122: require('vim.lsp.diagnostic')
024.478  000.103  000.103: require('vim.lsp.codelens')
024.588  000.107  000.107: require('vim.lsp.inlay_hint')
024.645  006.107  000.815: require('vim.lsp')
025.200  000.107  000.107: require('vim.version')
030.739  005.745  005.638: sourcing /home/takuyamuk/.local/share/nvim/lazy/nvim-lspconfig/plugin/lspconfig.lua
032.191  000.132  000.132: sourcing /home/takuyamuk/.local/share/nvim/lazy/nvim-web-devicons/plugin/nvim-web-devicons.vim
033.414  000.093  000.093: require('scrollbar.const')
033.538  000.118  000.118: require('scrollbar.utils')
033.632  000.091  000.091: require('scrollbar.handlers')
033.638  000.804  000.501: require('scrollbar')
033.950  000.310  000.310: require('scrollbar.config')
035.023  000.397  000.397: require('scrollbar.handlers.cursor')
036.462  001.138  001.138: require('vim.diagnostic')
036.485  001.422  000.284: require('scrollbar.handlers.diagnostic')
036.928  000.253  000.253: require('scrollbar.handlers.search')
037.881  000.226  000.226: sourcing /home/takuyamuk/.local/share/nvim/lazy/nvim-hlslens/plugin/hlslens.vim
039.236  000.987  000.987: require('hlslens')
039.542  000.065  000.065: require('hlslens.utils')
039.720  000.092  000.092: require('hlslens.config')
039.791  000.069  000.069: require('hlslens.lib.disposable')
039.925  000.047  000.047: require('hlslens.lib.event')
039.929  000.135  000.087: require('hlslens.decorator')
040.023  000.092  000.092: require('hlslens.lib.throttle')
040.100  000.073  000.073: require('hlslens.position')
040.155  000.052  000.052: require('hlslens.render.winhl')
040.210  000.053  000.053: require('hlslens.render.extmark')
040.316  000.050  000.050: require('hlslens.highlight')
040.320  000.107  000.057: require('hlslens.render.floatwin')
040.329  000.782  000.109: require('hlslens.render')
040.412  000.081  000.081: require('hlslens.cmdline.parser')
040.465  000.050  000.050: require('hlslens.cmdline.fold')
040.520  000.052  000.052: require('hlslens.lib.debounce')
040.526  001.145  000.115: require('hlslens.cmdline')
040.532  001.277  000.132: require('hlslens.main')
040.780  000.092  000.092: require('hlslens.wffi')
040.784  000.152  000.060: require('hlslens.position.range.regex')
042.541  004.580  002.164: require('plugins/nvim-hlslens')
042.555  005.619  000.812: require('hlslens')
042.723  000.118  000.118: require('scrollbar.handlers.gitsigns')
044.205  000.308  000.308: require('gitsigns.async')
044.523  000.306  000.306: require('gitsigns.config')
044.628  000.102  000.102: require('gitsigns.debug.log')
044.635  001.308  000.593: require('gitsigns')
044.849  001.657  000.349: require('plugins.gitsigns')
044.858  002.132  000.474: require('gitsigns')
044.896  012.250  001.197: require('plugins.nvim-scrollbar')
046.504  000.050  000.050: sourcing /home/takuyamuk/.local/share/nvim/lazy/plenary.nvim/plugin/plenary.vim
047.423  000.514  000.514: sourcing /home/takuyamuk/.local/share/nvim/lazy/telescope.nvim/plugin/telescope.lua
050.090  000.220  000.220: require('vim.treesitter.language')
050.190  000.086  000.086: require('vim.func')
050.293  000.099  000.099: require('vim.func._memoize')
050.321  001.132  000.726: require('vim.treesitter.query')
050.580  000.256  000.256: require('vim.treesitter._range')
050.612  001.896  000.508: require('vim.treesitter.languagetree')
050.636  002.235  000.339: require('vim.treesitter')
052.139  001.498  001.498: require('rainbow-delimiters.config')
052.539  000.386  000.386: require('rainbow-delimiters.log')
053.340  000.480  000.480: require('rainbow-delimiters.util')
053.356  000.810  000.330: require('rainbow-delimiters.lib')
054.946  000.394  000.394: require('rainbow-delimiters.stack')
055.022  001.264  000.871: require('rainbow-delimiters.strategy.global')
055.070  001.690  000.426: require('rainbow-delimiters.default')
055.211  006.999  000.380: sourcing /home/takuyamuk/.local/share/nvim/lazy/Rainbow-delimiters.nvim/plugin/rainbow-delimiters.lua
056.210  000.312  000.312: sourcing /usr/share/nvim/runtime/plugin/editorconfig.lua
056.736  000.442  000.442: sourcing /usr/share/nvim/runtime/plugin/gzip.vim
057.075  000.260  000.260: sourcing /usr/share/nvim/runtime/plugin/man.lua
058.187  000.402  000.402: sourcing /usr/share/nvim/runtime/pack/dist/opt/matchit/plugin/matchit.vim
058.232  001.050  000.648: sourcing /usr/share/nvim/runtime/plugin/matchit.vim
058.502  000.204  000.204: sourcing /usr/share/nvim/runtime/plugin/matchparen.vim
059.185  000.635  000.635: sourcing /usr/share/nvim/runtime/plugin/netrwPlugin.vim
059.578  000.249  000.249: sourcing /usr/share/nvim/runtime/plugin/nvim.lua
060.082  000.378  000.378: sourcing /usr/share/nvim/runtime/plugin/rplugin.vim
060.245  000.102  000.102: sourcing /usr/share/nvim/runtime/plugin/shada.vim
060.325  000.034  000.034: sourcing /usr/share/nvim/runtime/plugin/spellfile.vim
060.500  000.134  000.134: sourcing /usr/share/nvim/runtime/plugin/tarPlugin.vim
060.653  000.110  000.110: sourcing /usr/share/nvim/runtime/plugin/tohtml.vim
060.753  000.025  000.025: sourcing /usr/share/nvim/runtime/plugin/tutor.vim
061.024  000.232  000.232: sourcing /usr/share/nvim/runtime/plugin/zipPlugin.vim
061.379  000.120  000.120: sourcing /home/takuyamuk/.local/share/nvim/lazy/indent-blankline.nvim/after/plugin/commands.lua
062.233  000.660  000.660: require('kanagawa')
063.350  000.107  000.107: require('kanagawa.utils')
073.288  010.072  009.965: sourcing /home/takuyamuk/.local/share/nvim/lazy/kanagawa.nvim/colors/kanagawa.vim
073.691  012.200  001.468: require('plugins/kanagawa')
073.804  000.107  000.107: require('plugins/indent-blankline')
074.506  000.281  000.281: require('lualine_require')
074.868  000.995  000.714: require('lualine')
076.567  000.218  000.218: require('kanagawa.colors')
076.824  000.072  000.072: require('kanagawa.lib.hsluv')
076.831  000.151  000.080: require('kanagawa.lib.color')
076.833  000.239  000.088: require('kanagawa.themes')
079.366  000.173  000.173: require('lualine.utils.mode')
082.713  000.090  000.090: require('nvim-navic.lib')
082.726  001.034  000.944: require('nvim-navic')
082.799  001.246  000.212: require('plugins.nvim-navic')
082.898  002.123  000.877: require('lualine.components.navic')
086.774  012.966  009.218: require('plugins/lualine')
093.098  000.431  000.431: require('nvim-treesitter.utils')
096.859  003.749  003.749: require('nvim-treesitter.parsers')
097.503  000.058  000.058: require('nvim-treesitter.compat')
097.654  000.081  000.081: require('nvim-treesitter.ts_utils')
097.663  000.151  000.070: require('nvim-treesitter.tsrange')
097.724  000.059  000.059: require('nvim-treesitter.caching')
097.737  000.367  000.099: require('nvim-treesitter.query')
097.755  000.509  000.142: require('nvim-treesitter.configs')
097.759  000.881  000.372: require('nvim-treesitter.info')
097.886  000.124  000.124: require('nvim-treesitter.shell_command_selectors')
097.935  005.735  000.548: require('nvim-treesitter.install')
098.185  000.244  000.244: require('nvim-treesitter.statusline')
098.294  000.102  000.102: require('nvim-treesitter.query_predicates')
098.302  009.930  003.848: require('nvim-treesitter')
099.097  011.017  001.087: sourcing /home/takuyamuk/.local/share/nvim/lazy/nvim-treesitter/plugin/nvim-treesitter.lua
099.169  011.898  000.880: require('nvim-treesitter.configs')
101.427  000.176  000.176: require('nvim-treesitter.highlight')
101.453  014.666  002.593: require('plugins/nvim-treesitter')
101.590  000.132  000.132: require('plugins/lps')
101.937  000.133  000.133: require('telescope._extensions')
101.946  000.261  000.128: require('telescope')
102.543  000.141  000.141: require('plenary.bit')
102.663  000.112  000.112: require('plenary.functional')
102.729  000.494  000.241: require('plenary.path')
102.766  000.646  000.152: require('plenary.strings')
102.940  000.169  000.169: require('telescope.deprecated')
103.398  000.140  000.140: require('plenary.log')
103.444  000.293  000.153: require('telescope.log')
103.734  000.097  000.097: require('plenary.job')
103.805  000.066  000.066: require('telescope.state')
103.814  000.367  000.204: require('telescope.utils')
103.823  000.876  000.215: require('telescope.sorters')
105.919  003.969  002.279: require('telescope.config')
110.107  000.241  000.241: require('fzf_lib')
110.118  000.433  000.192: require('telescope._extensions.fzf')
110.321  000.195  000.195: require('telescope.themes')
110.477  000.153  000.153: require('telescope.builtin')
110.615  009.019  004.010: require('plugins/telescope')
111.395  000.070  000.070: require('nvim-tree.notify')
111.403  000.145  000.076: require('nvim-tree.events')
111.976  000.125  000.125: require('nvim-tree.log')
112.247  000.123  000.123: require('nvim-tree.iterators.node-iterator')
112.317  000.336  000.213: require('nvim-tree.utils')
112.417  000.097  000.097: require('nvim-tree.git.utils')
112.575  000.156  000.156: require('nvim-tree.git.runner')
112.713  000.134  000.134: require('nvim-tree.watcher')
112.817  000.101  000.101: require('nvim-tree.explorer.node')
112.825  001.133  000.184: require('nvim-tree.git')
112.950  000.096  000.096: require('nvim-tree.explorer.watch')
113.288  000.128  000.128: require('nvim-tree.explorer.node-builders')
113.470  000.178  000.178: require('nvim-tree.explorer.sorters')
113.751  000.274  000.274: require('nvim-tree.explorer.filters')
114.125  000.254  000.254: require('nvim-tree.view')
114.133  000.377  000.123: require('nvim-tree.live-filter')
114.136  001.183  000.226: require('nvim-tree.explorer.explore')
114.276  000.138  000.138: require('nvim-tree.explorer.reload')
114.286  002.880  000.332: require('nvim-tree.explorer')
114.289  003.128  000.102: require('nvim-tree.core')
114.575  000.205  000.205: require('nvim-tree.modified')
114.585  000.293  000.089: require('nvim-tree.renderer.components.modified')
114.728  000.140  000.140: require('nvim-tree.renderer.components.padding')
114.860  000.130  000.130: require('nvim-tree.renderer.components.icons')
114.974  000.110  000.110: require('nvim-tree.renderer.components.full-name')
115.111  000.134  000.134: require('nvim-tree.renderer.components.git')
115.276  000.074  000.074: require('nvim-tree.enum')
115.283  000.170  000.096: require('nvim-tree.renderer.components.diagnostics')
115.666  000.100  000.100: require('nvim-tree.marks')
115.671  000.244  000.144: require('nvim-tree.renderer.components.bookmarks')
115.687  000.402  000.158: require('nvim-tree.renderer.builder')
115.696  004.621  000.115: require('nvim-tree.renderer')
115.703  004.738  000.117: require('nvim-tree.lib')
115.842  000.136  000.136: require('nvim-tree.colors')
116.269  000.081  000.081: require('nvim-tree.actions.finders.find-file')
116.275  000.163  000.082: require('nvim-tree.actions.tree.open')
116.349  000.072  000.072: require('nvim-tree.actions.tree.toggle')
116.442  000.088  000.088: require('nvim-tree.actions.reloaders.reloaders')
116.545  000.099  000.099: require('nvim-tree.actions.root.dir-up')
116.706  000.156  000.156: require('nvim-tree.actions.tree.find-file')
116.933  000.224  000.224: require('nvim-tree.actions.finders.search-node')
117.226  000.289  000.289: require('nvim-tree.actions.tree-modifiers.collapse-all')
117.682  000.449  000.449: require('nvim-tree.actions.tree-modifiers.expand-all')
118.050  000.356  000.356: require('nvim-tree.actions.tree-modifiers.toggles')
119.154  000.717  000.717: require('nvim-tree.keymap')
119.261  001.183  000.466: require('nvim-tree.help')
119.831  000.558  000.558: require('nvim-tree.actions.fs.create-file')
120.593  000.750  000.750: require('nvim-tree.actions.fs.remove-file')
121.033  000.424  000.424: require('nvim-tree.actions.fs.trash')
121.281  000.233  000.233: require('nvim-tree.actions.fs.rename-file')
121.666  000.378  000.378: require('nvim-tree.actions.fs.copy-paste')
121.765  000.084  000.084: require('nvim-tree.actions.node.file-popup')
121.826  000.058  000.058: require('nvim-tree.actions.node.run-command')
121.889  000.060  000.060: require('nvim-tree.actions.node.system-open')
121.951  000.060  000.060: require('nvim-tree.actions.moves.sibling')
122.018  000.062  000.062: require('nvim-tree.actions.moves.parent')
122.077  000.055  000.055: require('nvim-tree.actions.moves.item')
122.145  000.057  000.057: require('nvim-tree.marks.bulk-delete')
122.202  000.054  000.054: require('nvim-tree.marks.bulk-trash')
122.260  000.055  000.055: require('nvim-tree.marks.bulk-move')
122.403  000.085  000.085: require('nvim-tree.actions.node.open-file')
122.408  000.145  000.060: require('nvim-tree.marks.navigation')
122.412  006.461  000.350: require('nvim-tree.api')
122.421  006.576  000.116: require('nvim-tree.commands')
122.499  000.076  000.076: require('nvim-tree.actions.root.change-dir')
122.639  000.137  000.137: require('nvim-tree.legacy')
122.733  011.996  000.333: require('nvim-tree')
122.903  000.166  000.166: require('plugins.nvim-tree-actions')
123.251  000.108  000.108: require('nvim-tree.actions')
123.759  000.131  000.131: require('nvim-tree.diagnostics')
124.696  000.556  000.556: require('nvim-web-devicons.icons-default')
124.799  000.886  000.331: require('nvim-web-devicons')
128.422  017.801  004.514: require('plugins/nvim-tree')
132.491  000.077  000.077: require('telescope.actions.state')
132.527  000.195  000.118: require('telescope._extensions.file_browser.utils')
133.129  000.069  000.069: require('plenary.window.border')
133.194  000.059  000.059: require('plenary.window')
133.242  000.045  000.045: require('plenary.popup.utils')
133.246  000.495  000.322: require('plenary.popup')
133.319  000.071  000.071: require('telescope.pickers.scroller')
133.389  000.068  000.068: require('telescope.actions.utils')
133.570  000.102  000.102: require('telescope.actions.mt')
133.588  000.196  000.094: require('telescope.actions.set')
133.735  000.071  000.071: require('telescope.config.resolve')
133.738  000.148  000.077: require('telescope.pickers.entry_display')
133.803  000.063  000.063: require('telescope.from_entry')
135.300  002.768  001.728: require('telescope.actions')
136.109  000.735  000.735: require('plenary.scandir')
136.786  000.086  000.086: require('plenary.tbl')
136.801  000.193  000.107: require('plenary.vararg.rotate')
136.805  000.364  000.172: require('plenary.vararg')
136.902  000.093  000.093: require('plenary.errors')
137.006  000.691  000.234: require('plenary.async.async')
137.635  000.180  000.180: require('plenary.async.structs')
137.651  000.310  000.130: require('plenary.async.control')
137.719  000.509  000.199: require('plenary.async.util')
137.725  000.713  000.204: require('plenary.async.tests')
137.729  001.600  000.196: require('plenary.async')
137.893  006.135  000.836: require('telescope._extensions.file_browser.actions')
138.436  000.176  000.176: require('telescope._extensions.file_browser.git')
138.768  000.325  000.325: require('telescope._extensions.file_browser.fs_stat')
138.785  000.682  000.182: require('telescope._extensions.file_browser.make_entry')
139.183  000.069  000.069: require('plenary.class')
139.210  000.218  000.150: require('telescope._')
139.918  000.706  000.706: require('telescope.make_entry')
139.928  001.139  000.215: require('telescope.finders.async_oneshot_finder')
140.268  000.168  000.168: require('telescope.finders.async_static_finder')
140.497  000.215  000.215: require('telescope.finders.async_job_finder')
140.545  000.614  000.231: require('telescope.finders')
201.423  063.523  061.088: require('telescope._extensions.file_browser.finders')
202.912  000.571  000.571: require('telescope.debounce')
203.331  000.404  000.404: require('telescope.mappings')
203.615  000.276  000.276: require('telescope.pickers.highlights')
203.866  000.244  000.244: require('telescope.pickers.window')
204.390  000.222  000.222: require('telescope.algos.linked_list')
204.409  000.536  000.315: require('telescope.entry_manager')
204.636  000.224  000.224: require('telescope.pickers.multi')
204.701  002.943  000.689: require('telescope.pickers')
204.713  003.271  000.328: require('telescope._extensions.file_browser.picker')
205.080  000.363  000.363: require('telescope._extensions.file_browser.config')
205.098  073.855  000.562: require('telescope._extensions.file_browser')
205.536  077.101  003.247: require('plugins/telescope-file-browser')
207.953  000.208  000.208: require('cmp_nvim_lsp.source')
207.964  001.287  001.078: require('cmp_nvim_lsp')
207.999  001.419  000.132: sourcing /home/takuyamuk/.local/share/nvim/lazy/cmp-nvim-lsp/after/plugin/cmp_nvim_lsp.lua
208.268  000.118  000.118: require('mason-core.path')
208.732  000.334  000.334: require('mason-core.functional')
208.996  000.087  000.087: require('mason-core.functional.data')
209.008  000.249  000.162: require('mason-core.functional.function')
209.122  000.089  000.089: require('mason-core.functional.relation')
209.224  000.088  000.088: require('mason-core.functional.logic')
209.251  000.979  000.219: require('mason-core.platform')
209.367  000.114  000.114: require('mason.settings')
209.371  003.636  001.006: require('mason')
209.969  000.276  000.276: require('mason-core.functional.list')
210.117  000.137  000.137: require('mason-core.functional.string')
210.195  000.769  000.356: require('mason.api.command')
210.384  000.144  000.144: require('mason-registry.sources')
210.817  000.235  000.235: require('mason-core.log')
210.906  000.084  000.084: require('mason-lspconfig.settings')
210.911  000.512  000.193: require('mason-lspconfig')
211.014  000.101  000.101: require('mason-core.optional')
211.338  000.124  000.124: require('mason-core.functional.table')
211.367  000.350  000.226: require('mason-lspconfig.mappings.server')
211.649  000.177  000.177: require('mason-core.EventEmitter')
211.927  000.167  000.167: require('mason-core.async')
212.000  000.068  000.068: require('mason-core.async.uv')
212.012  000.359  000.123: require('mason-core.fs')
212.060  000.691  000.156: require('mason-registry')
212.143  000.081  000.081: require('mason-lspconfig.notify')
213.303  000.848  000.848: require('lspconfig.util')
213.589  000.279  000.279: require('lspconfig.async')
213.596  001.269  000.142: require('lspconfig.configs')
213.599  001.363  000.094: require('lspconfig')
213.863  000.249  000.249: require('lspconfig.server_configurations.pylsp')
214.540  000.434  000.434: require('lspconfig.manager')
214.818  000.265  000.265: require('lspconfig.server_configurations.lua_ls')
215.257  000.244  000.244: require('lspconfig.server_configurations.clangd')
216.015  000.524  000.524: require('lspconfig.server_configurations.fortls')
216.320  010.770  001.407: require('plugins/mason')
216.874  000.550  000.550: require('plugins/nvim-lspconfig')
218.309  000.567  000.567: sourcing /usr/share/nvim/runtime/syntax/synload.vim
218.594  001.601  001.034: sourcing /usr/share/nvim/runtime/syntax/syntax.vim
219.873  212.654  011.673: sourcing /home/takuyamuk/.config/nvim/init.lua
219.942  001.482: sourcing vimrc file(s)
220.602  000.302  000.302: sourcing /usr/share/nvim/runtime/filetype.lua
220.756  000.512: inits 3
224.262  003.506: reading ShaDa
224.931  000.669: opening buffers
225.193  000.261: BufEnter autocommands
225.197  000.004: editing files in windows
225.300  000.103: VimEnter autocommands
225.355  000.055: UIEnter autocommands
392.339  166.748  166.748: sourcing /usr/share/nvim/runtime/autoload/provider/clipboard.vim
392.361  000.258: before starting main loop
392.650  000.289: first screen update
392.654  000.004: --- NVIM STARTED ---


times in msec
 clock   self+sourced   self:  sourced script
 clock   elapsed:              other lines

000.057  000.057: --- NVIM STARTING ---
000.510  000.453: event init
000.618  000.108: early init
000.897  000.278: locale set
000.973  000.077: init first window
001.331  000.357: inits 1
001.342  000.011: window checked
001.345  000.003: parsing arguments
002.066  000.057  000.057: require('vim.shared')
002.183  000.046  000.046: require('vim.inspect')
002.241  000.043  000.043: require('vim._options')
002.243  000.169  000.080: require('vim._editor')
002.244  000.294  000.068: require('vim._init_packages')
002.249  000.611: init lua interpreter
002.972  000.723: expanding arguments
003.052  000.079: inits 2
003.896  000.845: init highlight
